c:\users\pwong\documents\bcit level 4\comp 4985 - data comm & internetworking\asn02\filetransferprogram\filetransferprogram\debug\vc142.pdb
c:\users\pwong\documents\bcit level 4\comp 4985 - data comm & internetworking\asn02\filetransferprogram\filetransferprogram\debug\vc142.idb
c:\users\pwong\documents\bcit level 4\comp 4985 - data comm & internetworking\asn02\filetransferprogram\filetransferprogram\debug\widgets.obj
c:\users\pwong\documents\bcit level 4\comp 4985 - data comm & internetworking\asn02\filetransferprogram\filetransferprogram\debug\utilities.obj
c:\users\pwong\documents\bcit level 4\comp 4985 - data comm & internetworking\asn02\filetransferprogram\filetransferprogram\debug\settings.obj
c:\users\pwong\documents\bcit level 4\comp 4985 - data comm & internetworking\asn02\filetransferprogram\filetransferprogram\debug\main.obj
c:\users\pwong\documents\bcit level 4\comp 4985 - data comm & internetworking\asn02\filetransferprogram\filetransferprogram\debug\connectionmanager.obj
c:\users\pwong\documents\bcit level 4\comp 4985 - data comm & internetworking\asn02\filetransferprogram\filetransferprogram\debug\client.obj
c:\users\pwong\documents\bcit level 4\comp 4985 - data comm & internetworking\asn02\filetransferprogram\filetransferprogram\debug\resource.res
c:\users\pwong\documents\bcit level 4\comp 4985 - data comm & internetworking\asn02\filetransferprogram\filetransferprogram\debug\filetransferprogram.ilk
c:\users\pwong\documents\bcit level 4\comp 4985 - data comm & internetworking\asn02\filetransferprogram\filetransferprogram\debug\filetransferprogram.pdb
c:\users\pwong\documents\bcit level 4\comp 4985 - data comm & internetworking\asn02\filetransferprogram\debug\filetransferprogram.pdb
c:\users\pwong\documents\bcit level 4\comp 4985 - data comm & internetworking\asn02\filetransferprogram\filetransferprogram\debug\filetran.8301f66c.tlog\cl.command.1.tlog
c:\users\pwong\documents\bcit level 4\comp 4985 - data comm & internetworking\asn02\filetransferprogram\filetransferprogram\debug\filetran.8301f66c.tlog\cl.read.1.tlog
c:\users\pwong\documents\bcit level 4\comp 4985 - data comm & internetworking\asn02\filetransferprogram\filetransferprogram\debug\filetran.8301f66c.tlog\cl.write.1.tlog
c:\users\pwong\documents\bcit level 4\comp 4985 - data comm & internetworking\asn02\filetransferprogram\filetransferprogram\debug\filetran.8301f66c.tlog\link-cvtres.read.1.tlog
c:\users\pwong\documents\bcit level 4\comp 4985 - data comm & internetworking\asn02\filetransferprogram\filetransferprogram\debug\filetran.8301f66c.tlog\link-cvtres.write.1.tlog
c:\users\pwong\documents\bcit level 4\comp 4985 - data comm & internetworking\asn02\filetransferprogram\filetransferprogram\debug\filetran.8301f66c.tlog\link-rc.read.1.tlog
c:\users\pwong\documents\bcit level 4\comp 4985 - data comm & internetworking\asn02\filetransferprogram\filetransferprogram\debug\filetran.8301f66c.tlog\link-rc.write.1.tlog
c:\users\pwong\documents\bcit level 4\comp 4985 - data comm & internetworking\asn02\filetransferprogram\filetransferprogram\debug\filetran.8301f66c.tlog\link.command.1.tlog
c:\users\pwong\documents\bcit level 4\comp 4985 - data comm & internetworking\asn02\filetransferprogram\filetransferprogram\debug\filetran.8301f66c.tlog\link.read.1.tlog
c:\users\pwong\documents\bcit level 4\comp 4985 - data comm & internetworking\asn02\filetransferprogram\filetransferprogram\debug\filetran.8301f66c.tlog\link.write.1.tlog
c:\users\pwong\documents\bcit level 4\comp 4985 - data comm & internetworking\asn02\filetransferprogram\filetransferprogram\debug\filetran.8301f66c.tlog\rc.command.1.tlog
c:\users\pwong\documents\bcit level 4\comp 4985 - data comm & internetworking\asn02\filetransferprogram\filetransferprogram\debug\filetran.8301f66c.tlog\rc.read.1.tlog
c:\users\pwong\documents\bcit level 4\comp 4985 - data comm & internetworking\asn02\filetransferprogram\filetransferprogram\debug\filetran.8301f66c.tlog\rc.write.1.tlog
